<?xml version="1.0" encoding="UTF-8"?>
<!-- Generated by org.testng.reporters.JUnitReportReporter -->
<testsuite hostname="BalaprasadDad" failures="0" tests="2" name="LevelOneLearningInfy.SelenuimLoginFramework.LoginTest" time="16.208" errors="0" timestamp="2025-10-20T09:38:20 IST" skipped="0">
  <testcase classname="LevelOneLearningInfy.SelenuimLoginFramework.LoginTest" name="testInvalidLogin" time="8.760"/>
  <testcase classname="LevelOneLearningInfy.SelenuimLoginFramework.LoginTest" name="testValidLogin" time="7.448"/>
</testsuite> <!-- LevelOneLearningInfy.SelenuimLoginFramework.LoginTest -->
