<?xml version="1.0" encoding="UTF-8"?>
<!-- Generated by org.testng.reporters.JUnitReportReporter -->
<testsuite hostname="BalaprasadDad" failures="0" tests="2" name="LevelOneLearningInfy.SelenuimLoginFramework.LoginTest" time="10.618" errors="0" timestamp="2025-10-20T10:00:46 IST" skipped="0">
  <testcase classname="LevelOneLearningInfy.SelenuimLoginFramework.LoginTest" name="testInvalidLogin" time="5.942"/>
  <testcase classname="LevelOneLearningInfy.SelenuimLoginFramework.LoginTest" name="testValidLogin" time="4.676"/>
</testsuite> <!-- LevelOneLearningInfy.SelenuimLoginFramework.LoginTest -->
